<?xml version="1.0" encoding="UTF-8"?>
<!-- Generated by org.testng.reporters.JUnitReportReporter -->
<testsuite skipped="0" hostname="DESKTOP-FMH6GML" name="watchDemo.FilltheFormOfWatchDemoTest" tests="2" failures="0" timestamp="2024-02-06T22:04:47 IST" time="166.042" errors="0">
  <testcase name="verifyTheRedBorder" time="13.503" classname="watchDemo.FilltheFormOfWatchDemoTest"/>
  <system-out/>
  <testcase name="fillFormForWatchDemo" time="152.539" classname="watchDemo.FilltheFormOfWatchDemoTest"/>
  <system-out/>
</testsuite> <!-- watchDemo.FilltheFormOfWatchDemoTest -->
