<?xml version="1.0" encoding="UTF-8"?>
<!-- Generated by org.testng.reporters.JUnitReportReporter -->
<testsuite skipped="0" hostname="DESKTOP-FMH6GML" name="products.VerifySubMenuTest" tests="1" failures="0" timestamp="2024-02-07T00:00:00 IST" time="3.861" errors="0">
  <testcase name="readProductsMenu" time="3.861" classname="products.VerifySubMenuTest"/>
  <system-out/>
</testsuite> <!-- products.VerifySubMenuTest -->
