<?xml version="1.0" encoding="UTF-8"?>
<!-- Generated by org.testng.reporters.JUnitReportReporter -->
<testsuite skipped="0" hostname="DESKTOP-FMH6GML" name="baseClass.BaseClass" tests="1" failures="0" timestamp="2024-02-05T21:25:29 IST" time="0.012" errors="0">
  <testcase name="t" time="0.012" classname="baseClass.BaseClass"/>
  <system-out/>
</testsuite> <!-- baseClass.BaseClass -->
